checking for __MACH__..
<stdin>: In function ‘main’:
<stdin>:5:2: error: #error error
checking for __ELF__..
checking for __i386__..
<stdin>: In function ‘main’:
<stdin>:5:2: error: #error error
checking for __x86_64__..
checking for HAVE_AVX512..
checking for HAVE_AVX2..
checking for HAVE_AVX..
checking for HAVE_XOP..
checking for HAVE_SSE4_2..
checking for HAVE_SSE4_1..
checking for HAVE_SSSE3..
checking for HAVE_SSE3..
checking for HAVE_SSE2..
checking for HAVE_SSE..
checking for HAVE_MMX..
checking for HAVE_SLASHMACRO..
checking for HAVE_DOLLARMACRO..
{standard input}: Assembler messages:
{standard input}:5: Error: invalid character '$' in mnemonic
checking for .hidden..
checking for uint8_t..
checking for uint128_t..
<stdin>: In function ‘main’:
<stdin>:2:14: error: unknown type name ‘uint128_t’
checking for int64_t..
checking for __int128..
<stdin>:1:23: warning: extra tokens at end of #include directive
checking for __attribute__ ((dllexport))..
<stdin>:1:1: error: ‘dllexport’ attribute directive ignored [-Werror=attributes]
cc1: all warnings being treated as errors
checking for __attribute__ ((visibility ("default")))..
